<?xml version="1.0" encoding="UTF-8"?>
<testsuite name="dev.aquashdw.community.CommunityApplicationTests" tests="1" skipped="0" failures="0" errors="0" timestamp="2022-04-05T13:39:24" hostname="DESKTOP-F7Q7O7B" time="0.124">
  <properties/>
  <testcase name="contextLoads()" classname="dev.aquashdw.community.CommunityApplicationTests" time="0.124"/>
  <system-out><![CDATA[22:39:18.241 [Test worker] DEBUG org.springframework.test.context.BootstrapUtils - Instantiating CacheAwareContextLoaderDelegate from class [org.springframework.test.context.cache.DefaultCacheAwareContextLoaderDelegate]
22:39:18.254 [Test worker] DEBUG org.springframework.test.context.BootstrapUtils - Instantiating BootstrapContext using constructor [public org.springframework.test.context.support.DefaultBootstrapContext(java.lang.Class,org.springframework.test.context.CacheAwareContextLoaderDelegate)]
22:39:18.301 [Test worker] DEBUG org.springframework.test.context.BootstrapUtils - Instantiating TestContextBootstrapper for test class [dev.aquashdw.community.CommunityApplicationTests] from class [org.springframework.boot.test.context.SpringBootTestContextBootstrapper]
22:39:18.317 [Test worker] INFO org.springframework.boot.test.context.SpringBootTestContextBootstrapper - Neither @ContextConfiguration nor @ContextHierarchy found for test class [dev.aquashdw.community.CommunityApplicationTests], using SpringBootContextLoader
22:39:18.323 [Test worker] DEBUG org.springframework.test.context.support.AbstractContextLoader - Did not detect default resource location for test class [dev.aquashdw.community.CommunityApplicationTests]: class path resource [dev/aquashdw/community/CommunityApplicationTests-context.xml] does not exist
22:39:18.323 [Test worker] DEBUG org.springframework.test.context.support.AbstractContextLoader - Did not detect default resource location for test class [dev.aquashdw.community.CommunityApplicationTests]: class path resource [dev/aquashdw/community/CommunityApplicationTestsContext.groovy] does not exist
22:39:18.324 [Test worker] INFO org.springframework.test.context.support.AbstractContextLoader - Could not detect default resource locations for test class [dev.aquashdw.community.CommunityApplicationTests]: no resource found for suffixes {-context.xml, Context.groovy}.
22:39:18.325 [Test worker] INFO org.springframework.test.context.support.AnnotationConfigContextLoaderUtils - Could not detect default configuration classes for test class [dev.aquashdw.community.CommunityApplicationTests]: CommunityApplicationTests does not declare any static, non-private, non-final, nested classes annotated with @Configuration.
22:39:18.398 [Test worker] DEBUG org.springframework.test.context.support.ActiveProfilesUtils - Could not find an 'annotation declaring class' for annotation type [org.springframework.test.context.ActiveProfiles] and class [dev.aquashdw.community.CommunityApplicationTests]
22:39:18.479 [Test worker] DEBUG org.springframework.context.annotation.ClassPathScanningCandidateComponentProvider - Identified candidate component class: file [C:\Users\kdy49\IdeaProjects\LikeLion_SpringBoot\mission5_basic\build\classes\java\main\dev\aquashdw\community\CommunityApplication.class]
22:39:18.480 [Test worker] INFO org.springframework.boot.test.context.SpringBootTestContextBootstrapper - Found @SpringBootConfiguration dev.aquashdw.community.CommunityApplication for test class dev.aquashdw.community.CommunityApplicationTests
22:39:18.590 [Test worker] DEBUG org.springframework.boot.test.context.SpringBootTestContextBootstrapper - @TestExecutionListeners is not present for class [dev.aquashdw.community.CommunityApplicationTests]: using defaults.
22:39:18.590 [Test worker] INFO org.springframework.boot.test.context.SpringBootTestContextBootstrapper - Loaded default TestExecutionListener class names from location [META-INF/spring.factories]: [org.springframework.security.test.context.support.WithSecurityContextTestExecutionListener, org.springframework.security.test.context.support.ReactorContextTestExecutionListener, org.springframework.boot.test.autoconfigure.restdocs.RestDocsTestExecutionListener, org.springframework.boot.test.autoconfigure.web.client.MockRestServiceServerResetTestExecutionListener, org.springframework.boot.test.autoconfigure.web.servlet.MockMvcPrintOnlyOnFailureTestExecutionListener, org.springframework.boot.test.autoconfigure.web.servlet.WebDriverTestExecutionListener, org.springframework.boot.test.autoconfigure.webservices.client.MockWebServiceServerTestExecutionListener, org.springframework.boot.test.mock.mockito.MockitoTestExecutionListener, org.springframework.boot.test.mock.mockito.ResetMocksTestExecutionListener, org.springframework.test.context.web.ServletTestExecutionListener, org.springframework.test.context.support.DirtiesContextBeforeModesTestExecutionListener, org.springframework.test.context.event.ApplicationEventsTestExecutionListener, org.springframework.test.context.support.DependencyInjectionTestExecutionListener, org.springframework.test.context.support.DirtiesContextTestExecutionListener, org.springframework.test.context.transaction.TransactionalTestExecutionListener, org.springframework.test.context.jdbc.SqlScriptsTestExecutionListener, org.springframework.test.context.event.EventPublishingTestExecutionListener]
22:39:18.618 [Test worker] INFO org.springframework.boot.test.context.SpringBootTestContextBootstrapper - Using TestExecutionListeners: [org.springframework.test.context.web.ServletTestExecutionListener@4d157787, org.springframework.test.context.support.DirtiesContextBeforeModesTestExecutionListener@68ed96ca, org.springframework.test.context.event.ApplicationEventsTestExecutionListener@6d1310f6, org.springframework.boot.test.mock.mockito.MockitoTestExecutionListener@3228d990, org.springframework.boot.test.autoconfigure.SpringBootDependencyInjectionTestExecutionListener@54e7391d, org.springframework.test.context.support.DirtiesContextTestExecutionListener@50b8ae8d, org.springframework.test.context.transaction.TransactionalTestExecutionListener@255990cc, org.springframework.test.context.jdbc.SqlScriptsTestExecutionListener@51c929ae, org.springframework.security.test.context.support.WithSecurityContextTestExecutionListener@3c8bdd5b, org.springframework.test.context.event.EventPublishingTestExecutionListener@29d2d081, org.springframework.security.test.context.support.ReactorContextTestExecutionListener@40e4ea87, org.springframework.boot.test.autoconfigure.restdocs.RestDocsTestExecutionListener@58783f6c, org.springframework.boot.test.autoconfigure.web.client.MockRestServiceServerResetTestExecutionListener@3a7b503d, org.springframework.boot.test.autoconfigure.web.servlet.MockMvcPrintOnlyOnFailureTestExecutionListener@512d92b, org.springframework.boot.test.autoconfigure.web.servlet.WebDriverTestExecutionListener@62c5bbdc, org.springframework.boot.test.autoconfigure.webservices.client.MockWebServiceServerTestExecutionListener@7bdf6bb7, org.springframework.boot.test.mock.mockito.ResetMocksTestExecutionListener@1bc53649]
22:39:18.622 [Test worker] DEBUG org.springframework.test.context.support.AbstractDirtiesContextTestExecutionListener - Before test class: context [DefaultTestContext@6f0628de testClass = CommunityApplicationTests, testInstance = [null], testMethod = [null], testException = [null], mergedContextConfiguration = [WebMergedContextConfiguration@3fabf088 testClass = CommunityApplicationTests, locations = '{}', classes = '{class dev.aquashdw.community.CommunityApplication}', contextInitializerClasses = '[]', activeProfiles = '{}', propertySourceLocations = '{}', propertySourceProperties = '{org.springframework.boot.test.context.SpringBootTestContextBootstrapper=true}', contextCustomizers = set[org.springframework.boot.test.autoconfigure.actuate.metrics.MetricsExportContextCustomizerFactory$DisableMetricExportContextCustomizer@6aecbb8d, org.springframework.boot.test.autoconfigure.properties.PropertyMappingContextCustomizer@0, org.springframework.boot.test.autoconfigure.web.servlet.WebDriverContextCustomizerFactory$Customizer@62163b39, org.springframework.boot.test.context.filter.ExcludeFilterContextCustomizer@207b8649, org.springframework.boot.test.json.DuplicateJsonObjectContextCustomizerFactory$DuplicateJsonObjectContextCustomizer@57eda880, org.springframework.boot.test.mock.mockito.MockitoContextCustomizer@0, org.springframework.boot.test.web.client.TestRestTemplateContextCustomizer@cb191ca, org.springframework.boot.test.context.SpringBootTestArgs@1, org.springframework.boot.test.context.SpringBootTestWebEnvironment@3b5fad2d], resourceBasePath = 'src/main/webapp', contextLoader = 'org.springframework.boot.test.context.SpringBootContextLoader', parent = [null]], attributes = map['org.springframework.test.context.web.ServletTestExecutionListener.activateListener' -> true]], class annotated with @DirtiesContext [false] with mode [null].

  .   ____          _            __ _ _
 /\\ / ___'_ __ _ _(_)_ __  __ _ \ \ \ \
( ( )\___ | '_ | '_| | '_ \/ _` | \ \ \ \
 \\/  ___)| |_)| | | | | || (_| |  ) ) ) )
  '  |____| .__|_| |_|_| |_\__, | / / / /
 =========|_|==============|___/=/_/_/_/
 :: Spring Boot ::                (v2.5.9)

2022-04-05 22:39:19.087  INFO 3228 --- [    Test worker] d.a.community.CommunityApplicationTests  : Starting CommunityApplicationTests using Java 11 on DESKTOP-F7Q7O7B with PID 3228 (started by kdy49 in C:\Users\kdy49\IdeaProjects\LikeLion_SpringBoot\mission5_basic)
2022-04-05 22:39:19.088  INFO 3228 --- [    Test worker] d.a.community.CommunityApplicationTests  : The following profiles are active: test
2022-04-05 22:39:19.918  INFO 3228 --- [    Test worker] .s.d.r.c.RepositoryConfigurationDelegate : Bootstrapping Spring Data JPA repositories in DEFAULT mode.
2022-04-05 22:39:19.993  INFO 3228 --- [    Test worker] .s.d.r.c.RepositoryConfigurationDelegate : Finished Spring Data repository scanning in 65 ms. Found 6 JPA repository interfaces.
2022-04-05 22:39:20.833  INFO 3228 --- [    Test worker] o.hibernate.jpa.internal.util.LogHelper  : HHH000204: Processing PersistenceUnitInfo [name: default]
2022-04-05 22:39:20.916  INFO 3228 --- [    Test worker] org.hibernate.Version                    : HHH000412: Hibernate ORM core version 5.4.33
2022-04-05 22:39:21.095  INFO 3228 --- [    Test worker] o.hibernate.annotations.common.Version   : HCANN000001: Hibernate Commons Annotations {5.1.2.Final}
2022-04-05 22:39:21.217  INFO 3228 --- [    Test worker] com.zaxxer.hikari.HikariDataSource       : HikariPool-1 - Starting...
2022-04-05 22:39:21.423  INFO 3228 --- [    Test worker] com.zaxxer.hikari.HikariDataSource       : HikariPool-1 - Start completed.
2022-04-05 22:39:21.442  INFO 3228 --- [    Test worker] org.hibernate.dialect.Dialect            : HHH000400: Using dialect: org.hibernate.dialect.H2Dialect
2022-04-05 22:39:22.292  INFO 3228 --- [    Test worker] o.h.e.t.j.p.i.JtaPlatformInitiator       : HHH000490: Using JtaPlatform implementation: [org.hibernate.engine.transaction.jta.platform.internal.NoJtaPlatform]
2022-04-05 22:39:22.316  INFO 3228 --- [    Test worker] j.LocalContainerEntityManagerFactoryBean : Initialized JPA EntityManagerFactory for persistence unit 'default'
2022-04-05 22:39:23.279  WARN 3228 --- [    Test worker] JpaBaseConfiguration$JpaWebConfiguration : spring.jpa.open-in-view is enabled by default. Therefore, database queries may be performed during view rendering. Explicitly configure spring.jpa.open-in-view to disable this warning
2022-04-05 22:39:23.647  INFO 3228 --- [    Test worker] o.s.s.web.DefaultSecurityFilterChain     : Will secure any request with [org.springframework.security.web.context.request.async.WebAsyncManagerIntegrationFilter@22cce199, org.springframework.security.web.context.SecurityContextPersistenceFilter@4d3bde85, org.springframework.security.web.header.HeaderWriterFilter@5b6ec94a, org.springframework.security.web.csrf.CsrfFilter@474deb4c, org.springframework.security.web.authentication.logout.LogoutFilter@5c7d675c, org.springframework.security.web.authentication.UsernamePasswordAuthenticationFilter@533a27f8, org.springframework.security.web.savedrequest.RequestCacheAwareFilter@2566247d, org.springframework.security.web.servletapi.SecurityContextHolderAwareRequestFilter@64245ca9, org.springframework.security.web.authentication.AnonymousAuthenticationFilter@14b4b25e, org.springframework.security.web.session.SessionManagementFilter@35a2ea5a, org.springframework.security.web.access.ExceptionTranslationFilter@58b30e3e, org.springframework.security.web.access.intercept.FilterSecurityInterceptor@2433bcd4]
2022-04-05 22:39:24.231  INFO 3228 --- [    Test worker] o.s.b.a.w.s.WelcomePageHandlerMapping    : Adding welcome page template: index
2022-04-05 22:39:24.590  INFO 3228 --- [    Test worker] d.a.community.CommunityApplicationTests  : Started CommunityApplicationTests in 5.922 seconds (JVM running for 7.176)
]]></system-out>
  <system-err><![CDATA[]]></system-err>
</testsuite>
